<?xml version='1.0' encoding='utf-8'?>
<testsuites name="Sigma Rule Validation"><testsuite name="InvalidATTACKTagIssue" tests="4" failures="4"><testcase name="🟠 Windows Defender Real-Time Protection Disabled via PowerShell" classname="InvalidATTACKTagIssue" file="C:\Users\fmana\Desktop\Project-Phoenix\detection-rules\sigma\defender_tamper.yml"><failure message="InvalidATTACKTagIssue: MEDIUM">Invalid MITRE ATT&amp;CK tagging</failure></testcase><testcase name="🟠 Windows Defender Real-Time Protection Disabled via PowerShell" classname="InvalidATTACKTagIssue" file="C:\Users\fmana\Desktop\Project-Phoenix\detection-rules\sigma\defender_tamper.yml"><failure message="InvalidATTACKTagIssue: MEDIUM">Invalid MITRE ATT&amp;CK tagging</failure></testcase><testcase name="🟠 PowerShell Execution with Hidden Window" classname="InvalidATTACKTagIssue" file="C:\Users\fmana\Desktop\Project-Phoenix\detection-rules\sigma\powershell_hidden_window.yml"><failure message="InvalidATTACKTagIssue: MEDIUM">Invalid MITRE ATT&amp;CK tagging</failure></testcase><testcase name="🟠 Registry Run Key Modification via reg.exe" classname="InvalidATTACKTagIssue" file="C:\Users\fmana\Desktop\Project-Phoenix\detection-rules\sigma\reg_exe_run_key_write.yml"><failure message="InvalidATTACKTagIssue: MEDIUM">Invalid MITRE ATT&amp;CK tagging</failure></testcase></testsuite></testsuites>